app/build/intermediates/manifest_merge_blame_file/release/processReleaseMainManifest/manifest-merger-blame-release-report.txt
1<?xml version="1.0" encoding="utf-8"?>
2<manifest xmlns:android="http://schemas.android.com/apk/res/android"
3    package="com.fahim.telegram_automation"
4    android:versionCode="1"
5    android:versionName="1.0" >
6
7    <uses-sdk
8        android:minSdkVersion="24"
9        android:targetSdkVersion="35" />
10
11    <uses-feature
11-->src/main/AndroidManifest.xml:4:5-88
12        android:name="android.hardware.telephony"
12-->src/main/AndroidManifest.xml:4:19-60
13        android:required="false" />
13-->src/main/AndroidManifest.xml:4:61-85
14
15    <uses-permission android:name="android.permission.INTERNET" />
15-->src/main/AndroidManifest.xml:6:5-67
15-->src/main/AndroidManifest.xml:6:22-64
16    <uses-permission android:name="android.permission.RECEIVE_SMS" />
16-->src/main/AndroidManifest.xml:7:5-70
16-->src/main/AndroidManifest.xml:7:22-67
17    <uses-permission android:name="android.permission.READ_SMS" />
17-->src/main/AndroidManifest.xml:8:5-67
17-->src/main/AndroidManifest.xml:8:22-64
18
19    <permission
19-->[androidx.core:core:1.13.0] AndroidManifest.xml:22:5-24:47
20        android:name="com.fahim.telegram_automation.DYNAMIC_RECEIVER_NOT_EXPORTED_PERMISSION"
20-->[androidx.core:core:1.13.0] AndroidManifest.xml:23:9-81
21        android:protectionLevel="signature" />
21-->[androidx.core:core:1.13.0] AndroidManifest.xml:24:9-44
22
23    <uses-permission android:name="com.fahim.telegram_automation.DYNAMIC_RECEIVER_NOT_EXPORTED_PERMISSION" />
23-->[androidx.core:core:1.13.0] AndroidManifest.xml:26:5-97
23-->[androidx.core:core:1.13.0] AndroidManifest.xml:26:22-94
24
25    <application
25-->src/main/AndroidManifest.xml:10:5-50:23
26        android:allowBackup="true"
26-->src/main/AndroidManifest.xml:11:9-35
27        android:appComponentFactory="androidx.core.app.CoreComponentFactory"
27-->[androidx.core:core:1.13.0] AndroidManifest.xml:28:18-86
28        android:extractNativeLibs="false"
29        android:icon="@mipmap/ic_launcher"
29-->src/main/AndroidManifest.xml:12:9-43
30        android:label="@string/app_name"
30-->src/main/AndroidManifest.xml:13:9-41
31        android:roundIcon="@mipmap/ic_launcher_round"
31-->src/main/AndroidManifest.xml:14:9-54
32        android:supportsRtl="true"
32-->src/main/AndroidManifest.xml:15:9-35
33        android:theme="@style/Theme.TelegramAutomation" >
33-->src/main/AndroidManifest.xml:16:9-56
34        <activity
34-->src/main/AndroidManifest.xml:17:9-25:20
35            android:name="com.fahim.telegram_automation.MainActivity"
35-->src/main/AndroidManifest.xml:18:13-41
36            android:exported="true" >
36-->src/main/AndroidManifest.xml:19:13-36
37            <intent-filter>
37-->src/main/AndroidManifest.xml:20:13-24:29
38                <action android:name="android.intent.action.MAIN" />
38-->src/main/AndroidManifest.xml:21:17-69
38-->src/main/AndroidManifest.xml:21:25-66
39
40                <category android:name="android.intent.category.LAUNCHER" />
40-->src/main/AndroidManifest.xml:23:17-77
40-->src/main/AndroidManifest.xml:23:27-74
41            </intent-filter>
42        </activity>
43
44        <receiver
44-->src/main/AndroidManifest.xml:27:9-31:20
45            android:name="com.fahim.telegram_automation.MessageReceiver"
45-->src/main/AndroidManifest.xml:27:19-50
46            android:exported="true" >
46-->src/main/AndroidManifest.xml:27:51-74
47            <intent-filter>
47-->src/main/AndroidManifest.xml:28:13-30:29
48                <action android:name="com.fahim.telegram_automation.ACTION_SEND_TELEGRAM_MESSAGE" />
48-->src/main/AndroidManifest.xml:29:17-101
48-->src/main/AndroidManifest.xml:29:25-98
49            </intent-filter>
50        </receiver>
51        <receiver
51-->src/main/AndroidManifest.xml:33:9-37:20
52            android:name="com.fahim.telegram_automation.SmsReceiver"
52-->src/main/AndroidManifest.xml:33:19-46
53            android:exported="true"
53-->src/main/AndroidManifest.xml:33:47-70
54            android:permission="android.permission.BROADCAST_SMS" >
54-->src/main/AndroidManifest.xml:33:71-124
55            <intent-filter>
55-->src/main/AndroidManifest.xml:34:13-36:29
56                <action android:name="android.provider.Telephony.SMS_RECEIVED" />
56-->src/main/AndroidManifest.xml:35:17-82
56-->src/main/AndroidManifest.xml:35:25-79
57            </intent-filter>
58        </receiver>
59
60        <service
60-->src/main/AndroidManifest.xml:39:9-48:19
61            android:name="com.fahim.telegram_automation.WhatsAppNotificationListener"
61-->src/main/AndroidManifest.xml:40:13-57
62            android:exported="true"
62-->src/main/AndroidManifest.xml:43:13-36
63            android:foregroundServiceType="dataSync"
63-->src/main/AndroidManifest.xml:44:13-53
64            android:label="@string/app_name"
64-->src/main/AndroidManifest.xml:41:13-45
65            android:permission="android.permission.BIND_NOTIFICATION_LISTENER_SERVICE" >
65-->src/main/AndroidManifest.xml:42:13-87
66            <intent-filter>
66-->src/main/AndroidManifest.xml:45:13-47:29
67                <action android:name="android.service.notification.NotificationListenerService" />
67-->src/main/AndroidManifest.xml:46:17-99
67-->src/main/AndroidManifest.xml:46:25-96
68            </intent-filter>
69        </service>
70
71        <provider
71-->[androidx.emoji2:emoji2:1.2.0] AndroidManifest.xml:24:9-32:20
72            android:name="androidx.startup.InitializationProvider"
72-->[androidx.emoji2:emoji2:1.2.0] AndroidManifest.xml:25:13-67
73            android:authorities="com.fahim.telegram_automation.androidx-startup"
73-->[androidx.emoji2:emoji2:1.2.0] AndroidManifest.xml:26:13-68
74            android:exported="false" >
74-->[androidx.emoji2:emoji2:1.2.0] AndroidManifest.xml:27:13-37
75            <meta-data
75-->[androidx.emoji2:emoji2:1.2.0] AndroidManifest.xml:29:13-31:52
76                android:name="androidx.emoji2.text.EmojiCompatInitializer"
76-->[androidx.emoji2:emoji2:1.2.0] AndroidManifest.xml:30:17-75
77                android:value="androidx.startup" />
77-->[androidx.emoji2:emoji2:1.2.0] AndroidManifest.xml:31:17-49
78            <meta-data
78-->[androidx.lifecycle:lifecycle-process:2.6.2] AndroidManifest.xml:29:13-31:52
79                android:name="androidx.lifecycle.ProcessLifecycleInitializer"
79-->[androidx.lifecycle:lifecycle-process:2.6.2] AndroidManifest.xml:30:17-78
80                android:value="androidx.startup" />
80-->[androidx.lifecycle:lifecycle-process:2.6.2] AndroidManifest.xml:31:17-49
81            <meta-data
81-->[androidx.profileinstaller:profileinstaller:1.3.0] AndroidManifest.xml:29:13-31:52
82                android:name="androidx.profileinstaller.ProfileInstallerInitializer"
82-->[androidx.profileinstaller:profileinstaller:1.3.0] AndroidManifest.xml:30:17-85
83                android:value="androidx.startup" />
83-->[androidx.profileinstaller:profileinstaller:1.3.0] AndroidManifest.xml:31:17-49
84        </provider>
85
86        <receiver
86-->[androidx.profileinstaller:profileinstaller:1.3.0] AndroidManifest.xml:34:9-52:20
87            android:name="androidx.profileinstaller.ProfileInstallReceiver"
87-->[androidx.profileinstaller:profileinstaller:1.3.0] AndroidManifest.xml:35:13-76
88            android:directBootAware="false"
88-->[androidx.profileinstaller:profileinstaller:1.3.0] AndroidManifest.xml:36:13-44
89            android:enabled="true"
89-->[androidx.profileinstaller:profileinstaller:1.3.0] AndroidManifest.xml:37:13-35
90            android:exported="true"
90-->[androidx.profileinstaller:profileinstaller:1.3.0] AndroidManifest.xml:38:13-36
91            android:permission="android.permission.DUMP" >
91-->[androidx.profileinstaller:profileinstaller:1.3.0] AndroidManifest.xml:39:13-57
92            <intent-filter>
92-->[androidx.profileinstaller:profileinstaller:1.3.0] AndroidManifest.xml:40:13-42:29
93                <action android:name="androidx.profileinstaller.action.INSTALL_PROFILE" />
93-->[androidx.profileinstaller:profileinstaller:1.3.0] AndroidManifest.xml:41:17-91
93-->[androidx.profileinstaller:profileinstaller:1.3.0] AndroidManifest.xml:41:25-88
94            </intent-filter>
95            <intent-filter>
95-->[androidx.profileinstaller:profileinstaller:1.3.0] AndroidManifest.xml:43:13-45:29
96                <action android:name="androidx.profileinstaller.action.SKIP_FILE" />
96-->[androidx.profileinstaller:profileinstaller:1.3.0] AndroidManifest.xml:44:17-85
96-->[androidx.profileinstaller:profileinstaller:1.3.0] AndroidManifest.xml:44:25-82
97            </intent-filter>
98            <intent-filter>
98-->[androidx.profileinstaller:profileinstaller:1.3.0] AndroidManifest.xml:46:13-48:29
99                <action android:name="androidx.profileinstaller.action.SAVE_PROFILE" />
99-->[androidx.profileinstaller:profileinstaller:1.3.0] AndroidManifest.xml:47:17-88
99-->[androidx.profileinstaller:profileinstaller:1.3.0] AndroidManifest.xml:47:25-85
100            </intent-filter>
101            <intent-filter>
101-->[androidx.profileinstaller:profileinstaller:1.3.0] AndroidManifest.xml:49:13-51:29
102                <action android:name="androidx.profileinstaller.action.BENCHMARK_OPERATION" />
102-->[androidx.profileinstaller:profileinstaller:1.3.0] AndroidManifest.xml:50:17-95
102-->[androidx.profileinstaller:profileinstaller:1.3.0] AndroidManifest.xml:50:25-92
103            </intent-filter>
104        </receiver>
105    </application>
106
107</manifest>